# JRE version: OpenJDK Runtime Environment Temurin-21.0.6+7 (21.0.6+7) (build 21.0.6+7-LTS)
# Java VM: OpenJDK 64-Bit Server VM Temurin-21.0.6+7 (21.0.6+7-LTS, mixed mode, emulated-client, sharing, tiered, compressed oops, compressed class ptrs, g1 gc, windows-amd64)
GC Precious Log:
 CardTable entry size: 512
 Card Set container configuration: InlinePtr #cards 5 size 8 Array Of Cards #cards 12 size 40 Howl #buckets 4 coarsen threshold 1843 Howl Bitmap #cards 512 size 80 coarsen threshold 460 Card regions per heap region 1 cards per card region 2048
 CPUs: 8 total, 8 available
 Memory: 24510M
 Large Page Support: Disabled
 NUMA Support: Disabled
 Compressed Oops: Enabled (32-bit)
 Heap Region Size: 1M
 Heap Min Capacity: 8M
 Heap Initial Capacity: 384M
 Heap Max Capacity: 1G
 Pre-touch: Disabled
 Parallel Workers: 8
 Concurrent Workers: 2
 Concurrent Refinement Workers: 8
 Periodic GC: Disabled
Heap:
 garbage-first heap   total 191488K, used 55982K [0x00000000c0000000, 0x0000000100000000)
  region size 1024K, 1 young (1024K), 0 survivors (0K)
 Metaspace       used 84749K, committed 86336K, reserved 1179648K
  class space    used 11935K, committed 12544K, reserved 1048576K
GC Heap History (20 events):
Event: 34398.972 GC heap after
{Heap after GC invocations=3447 (full 3368):
 garbage-first heap   total 191488K, used 55982K [0x00000000c0000000, 0x0000000100000000)
  region size 1024K, 0 young (0K), 0 survivors (0K)
 Metaspace       used 84749K, committed 86336K, reserved 1179648K
  class space    used 11935K, committed 12544K, reserved 1048576K
}
Event: 34409.056 GC heap before
{Heap before GC invocations=3447 (full 3368):
 garbage-first heap   total 191488K, used 55982K [0x00000000c0000000, 0x0000000100000000)
  region size 1024K, 1 young (1024K), 0 survivors (0K)
 Metaspace       used 84749K, committed 86336K, reserved 1179648K
  class space    used 11935K, committed 12544K, reserved 1048576K
}
Event: 34409.078 GC heap after
{Heap after GC invocations=3448 (full 3369):
 garbage-first heap   total 191488K, used 55982K [0x00000000c0000000, 0x0000000100000000)
  region size 1024K, 0 young (0K), 0 survivors (0K)
 Metaspace       used 84749K, committed 86336K, reserved 1179648K
  class space    used 11935K, committed 12544K, reserved 1048576K
}
Event: 34419.164 GC heap before
{Heap before GC invocations=3448 (full 3369):
 garbage-first heap   total 191488K, used 55982K [0x00000000c0000000, 0x0000000100000000)
  region size 1024K, 1 young (1024K), 0 survivors (0K)
 Metaspace       used 84749K, committed 86336K, reserved 1179648K
  class space    used 11935K, committed 12544K, reserved 1048576K
}
Event: 34419.186 GC heap after
{Heap after GC invocations=3449 (full 3370):
 garbage-first heap   total 191488K, used 55982K [0x00000000c0000000, 0x0000000100000000)
  region size 1024K, 0 young (0K), 0 survivors (0K)
 Metaspace       used 84749K, committed 86336K, reserved 1179648K
  class space    used 11935K, committed 12544K, reserved 1048576K
}
Event: 34429.281 GC heap before
{Heap before GC invocations=3449 (full 3370):
 garbage-first heap   total 191488K, used 55982K [0x00000000c0000000, 0x0000000100000000)
  region size 1024K, 1 young (1024K), 0 survivors (0K)
 Metaspace       used 84749K, committed 86336K, reserved 1179648K
  class space    used 11935K, committed 12544K, reserved 1048576K
}
Event: 34429.302 GC heap after
{Heap after GC invocations=3450 (full 3371):
 garbage-first heap   total 191488K, used 55982K [0x00000000c0000000, 0x0000000100000000)
  region size 1024K, 0 young (0K), 0 survivors (0K)
 Metaspace       used 84749K, committed 86336K, reserved 1179648K
  class space    used 11935K, committed 12544K, reserved 1048576K
}
Event: 34439.394 GC heap before
{Heap before GC invocations=3450 (full 3371):
 garbage-first heap   total 191488K, used 55982K [0x00000000c0000000, 0x0000000100000000)
  region size 1024K, 1 young (1024K), 0 survivors (0K)
 Metaspace       used 84749K, committed 86336K, reserved 1179648K
  class space    used 11935K, committed 12544K, reserved 1048576K
}
Event: 34439.416 GC heap after
{Heap after GC invocations=3451 (full 3372):
 garbage-first heap   total 191488K, used 55982K [0x00000000c0000000, 0x0000000100000000)
  region size 1024K, 0 young (0K), 0 survivors (0K)
 Metaspace       used 84749K, committed 86336K, reserved 1179648K
  class space    used 11935K, committed 12544K, reserved 1048576K
}
Event: 34449.503 GC heap before
{Heap before GC invocations=3451 (full 3372):
 garbage-first heap   total 191488K, used 55982K [0x00000000c0000000, 0x0000000100000000)
  region size 1024K, 1 young (1024K), 0 survivors (0K)
 Metaspace       used 84749K, committed 86336K, reserved 1179648K
  class space    used 11935K, committed 12544K, reserved 1048576K
}
Event: 34449.525 GC heap after
{Heap after GC invocations=3452 (full 3373):
 garbage-first heap   total 191488K, used 55982K [0x00000000c0000000, 0x0000000100000000)
  region size 1024K, 0 young (0K), 0 survivors (0K)
 Metaspace       used 84749K, committed 86336K, reserved 1179648K
  class space    used 11935K, committed 12544K, reserved 1048576K
}
Event: 34459.623 GC heap before
{Heap before GC invocations=3452 (full 3373):
 garbage-first heap   total 191488K, used 55982K [0x00000000c0000000, 0x0000000100000000)
  region size 1024K, 1 young (1024K), 0 survivors (0K)
 Metaspace       used 84749K, committed 86336K, reserved 1179648K
  class space    used 11935K, committed 12544K, reserved 1048576K
}
Event: 34459.669 GC heap after
{Heap after GC invocations=3453 (full 3374):
 garbage-first heap   total 191488K, used 55982K [0x00000000c0000000, 0x0000000100000000)
  region size 1024K, 0 young (0K), 0 survivors (0K)
 Metaspace       used 84749K, committed 86336K, reserved 1179648K
  class space    used 11935K, committed 12544K, reserved 1048576K
}
Event: 34469.749 GC heap before
{Heap before GC invocations=3453 (full 3374):
 garbage-first heap   total 191488K, used 55982K [0x00000000c0000000, 0x0000000100000000)
  region size 1024K, 1 young (1024K), 0 survivors (0K)
 Metaspace       used 84749K, committed 86336K, reserved 1179648K
  class space    used 11935K, committed 12544K, reserved 1048576K
}
Event: 34469.770 GC heap after
{Heap after GC invocations=3454 (full 3375):
 garbage-first heap   total 191488K, used 55982K [0x00000000c0000000, 0x0000000100000000)
  region size 1024K, 0 young (0K), 0 survivors (0K)
 Metaspace       used 84749K, committed 86336K, reserved 1179648K
  class space    used 11935K, committed 12544K, reserved 1048576K
}
Event: 34479.864 GC heap before
{Heap before GC invocations=3454 (full 3375):
 garbage-first heap   total 191488K, used 55982K [0x00000000c0000000, 0x0000000100000000)
  region size 1024K, 1 young (1024K), 0 survivors (0K)
 Metaspace       used 84749K, committed 86336K, reserved 1179648K
  class space    used 11935K, committed 12544K, reserved 1048576K
}
Event: 34479.885 GC heap after
{Heap after GC invocations=3455 (full 3376):
 garbage-first heap   total 191488K, used 55982K [0x00000000c0000000, 0x0000000100000000)
  region size 1024K, 0 young (0K), 0 survivors (0K)
 Metaspace       used 84749K, committed 86336K, reserved 1179648K
  class space    used 11935K, committed 12544K, reserved 1048576K
}
Event: 34489.991 GC heap before
{Heap before GC invocations=3455 (full 3376):
 garbage-first heap   total 191488K, used 55982K [0x00000000c0000000, 0x0000000100000000)
  region size 1024K, 1 young (1024K), 0 survivors (0K)
 Metaspace       used 84749K, committed 86336K, reserved 1179648K
  class space    used 11935K, committed 12544K, reserved 1048576K
}
Event: 34490.013 GC heap after
{Heap after GC invocations=3456 (full 3377):
 garbage-first heap   total 191488K, used 55982K [0x00000000c0000000, 0x0000000100000000)
  region size 1024K, 0 young (0K), 0 survivors (0K)
 Metaspace       used 84749K, committed 86336K, reserved 1179648K
  class space    used 11935K, committed 12544K, reserved 1048576K
}
Event: 34500.063 GC heap before
{Heap before GC invocations=3456 (full 3377):
 garbage-first heap   total 191488K, used 55982K [0x00000000c0000000, 0x0000000100000000)
  region size 1024K, 1 young (1024K), 0 survivors (0K)
 Metaspace       used 84749K, committed 86336K, reserved 1179648K
  class space    used 11935K, committed 12544K, reserved 1048576K
}

